# JRE version: OpenJDK Runtime Environment (18.0.1.1+2) (build 18.0.1.1+2-6)
# Java VM: OpenJDK 64-Bit Server VM (18.0.1.1+2-6, mixed mode, sharing, tiered, compressed oops, compressed class ptrs, g1 gc, windows-amd64)
GC Precious Log:
 CardTable entry size: 512
 Card Set container configuration: InlinePtr #cards 5 size 8 Array Of Cards #cards 12 size 40 Howl #buckets 4 coarsen threshold 1843 Howl Bitmap #cards 512 size 80 coarsen threshold 460 Card regions per heap region 1 cards per card region 2048
 CPUs: 4 total, 4 available
 Memory: 3918M
 Large Page Support: Disabled
 NUMA Support: Disabled
 Compressed Oops: Enabled (32-bit)
 Heap Region Size: 1M
 Heap Min Capacity: 8M
 Heap Initial Capacity: 62M
 Heap Max Capacity: 980M
 Pre-touch: Disabled
 Parallel Workers: 4
 Concurrent Workers: 1
 Concurrent Refinement Workers: 4
 Periodic GC: Disabled
Heap:
 garbage-first heap   total 63488K, used 26053K [0x00000000c2c00000, 0x0000000100000000)
  region size 1024K, 20 young (20480K), 4 survivors (4096K)
 Metaspace       used 19821K, committed 20096K, reserved 1114112K
  class space    used 2435K, committed 2560K, reserved 1048576K
GC Heap History (8 events):
Event: 2.546 GC heap before
{Heap before GC invocations=0 (full 0):
 garbage-first heap   total 63488K, used 13312K [0x00000000c2c00000, 0x0000000100000000)
  region size 1024K, 13 young (13312K), 0 survivors (0K)
 Metaspace       used 2870K, committed 3072K, reserved 1114112K
  class space    used 283K, committed 384K, reserved 1048576K
}
Event: 2.598 GC heap after
{Heap after GC invocations=1 (full 0):
 garbage-first heap   total 63488K, used 7200K [0x00000000c2c00000, 0x0000000100000000)
  region size 1024K, 2 young (2048K), 2 survivors (2048K)
 Metaspace       used 2870K, committed 3072K, reserved 1114112K
  class space    used 283K, committed 384K, reserved 1048576K
}
Event: 3.804 GC heap before
{Heap before GC invocations=1 (full 0):
 garbage-first heap   total 63488K, used 14368K [0x00000000c2c00000, 0x0000000100000000)
  region size 1024K, 9 young (9216K), 2 survivors (2048K)
 Metaspace       used 4575K, committed 4800K, reserved 1114112K
  class space    used 526K, committed 640K, reserved 1048576K
}
Event: 3.809 GC heap after
{Heap after GC invocations=2 (full 0):
 garbage-first heap   total 63488K, used 7567K [0x00000000c2c00000, 0x0000000100000000)
  region size 1024K, 1 young (1024K), 1 survivors (1024K)
 Metaspace       used 4575K, committed 4800K, reserved 1114112K
  class space    used 526K, committed 640K, reserved 1048576K
}
Event: 6.281 GC heap before
{Heap before GC invocations=2 (full 0):
 garbage-first heap   total 63488K, used 25999K [0x00000000c2c00000, 0x0000000100000000)
  region size 1024K, 20 young (20480K), 1 survivors (1024K)
 Metaspace       used 10236K, committed 10432K, reserved 1114112K
  class space    used 1235K, committed 1344K, reserved 1048576K
}
Event: 6.287 GC heap after
{Heap after GC invocations=3 (full 0):
 garbage-first heap   total 63488K, used 8890K [0x00000000c2c00000, 0x0000000100000000)
  region size 1024K, 2 young (2048K), 2 survivors (2048K)
 Metaspace       used 10236K, committed 10432K, reserved 1114112K
  class space    used 1235K, committed 1344K, reserved 1048576K
}
Event: 8.745 GC heap before
{Heap before GC invocations=3 (full 0):
 garbage-first heap   total 63488K, used 37562K [0x00000000c2c00000, 0x0000000100000000)
  region size 1024K, 31 young (31744K), 2 survivors (2048K)
 Metaspace       used 17646K, committed 17920K, reserved 1114112K
  class space    used 2172K, committed 2304K, reserved 1048576K
}
Event: 8.759 GC heap after
{Heap after GC invocations=4 (full 0):
 garbage-first heap   total 63488K, used 10693K [0x00000000c2c00000, 0x0000000100000000)
  region size 1024K, 4 young (4096K), 4 survivors (4096K)
 Metaspace       used 17646K, committed 17920K, reserved 1114112K
  class space    used 2172K, committed 2304K, reserved 1048576K
}

